<?xml version="1.0" encoding="UTF-8"?>
<!-- Generated by org.testng.reporters.JUnitReportReporter -->
<testsuite skipped="1" hostname="LAPTOP-NLHU7H1D" name="Script.CheckDiscounts" tests="1" failures="0" timestamp="18 Nov 2018 15:25:52 GMT" time="0.000" errors="0">
  <testcase name="testDiscount" time="0.000" classname="Script.CheckDiscounts">
    <skipped/>
  </testcase> <!-- testDiscount -->
</testsuite> <!-- Script.CheckDiscounts -->
