<?xml version="1.0" encoding="UTF-8"?>
<!-- Generated by org.testng.reporters.JUnitReportReporter -->
<testsuite skipped="0" name="Script.Testshopclues_06" tests="1" failures="0" timestamp="02 Nov 2017 11:15:51 GMT" time="132.404" errors="0">
  <testcase name="BuyMemoryCard" time="132.404" classname="Script.Testshopclues_06"/>
</testsuite> <!-- Script.Testshopclues_06 -->
