<?xml version="1.0" encoding="UTF-8"?>
<!-- Generated by org.testng.reporters.JUnitReportReporter -->
<testsuite skipped="0" name="Script.TestValidLogin" tests="1" failures="0" timestamp="03 Nov 2017 08:40:42 GMT" time="140.560" errors="0">
  <testcase name="ValidLogin" time="140.560" classname="Script.TestValidLogin"/>
</testsuite> <!-- Script.TestValidLogin -->
