<?xml version="1.0" encoding="UTF-8"?>
<!-- Generated by org.testng.reporters.JUnitReportReporter -->
<testsuite skipped="0" hostname="TYSS-4F-046" name="Script.TestShopclues_05" tests="1" failures="0" timestamp="03 Nov 2017 05:24:05 GMT" time="248.525" errors="0">
  <testcase name="BuyMemoryCard" time="248.525" classname="Script.TestShopclues_05"/>
</testsuite> <!-- Script.TestShopclues_05 -->
