<?xml version="1.0" encoding="UTF-8"?>
<!-- Generated by org.testng.reporters.JUnitReportReporter -->
<testsuite skipped="0" name="Script.TestShopclues_04" tests="1" failures="0" timestamp="02 Nov 2017 11:15:51 GMT" time="376.256" errors="0">
  <testcase name="BuyMemoryCard" time="376.256" classname="Script.TestShopclues_04"/>
</testsuite> <!-- Script.TestShopclues_04 -->
