<?xml version="1.0" encoding="UTF-8"?>
<!-- Generated by org.testng.reporters.JUnitReportReporter -->
<testsuite skipped="1" hostname="LAPTOP-NLHU7H1D" name="Script.CheckNote4Review" tests="1" failures="0" timestamp="18 Nov 2018 15:25:52 GMT" time="0.000" errors="0">
  <testcase name="testCheckNote4Reviews" time="0.000" classname="Script.CheckNote4Review">
    <skipped/>
  </testcase> <!-- testCheckNote4Reviews -->
</testsuite> <!-- Script.CheckNote4Review -->
