<?xml version="1.0" encoding="UTF-8"?>
<!-- Generated by org.testng.reporters.JUnitReportReporter -->
<testsuite skipped="1" hostname="LAPTOP-NLHU7H1D" name="Script.ElectronicsItem" tests="1" failures="0" timestamp="18 Nov 2018 15:25:52 GMT" time="0.000" errors="0">
  <testcase name="testElectronics" time="0.000" classname="Script.ElectronicsItem">
    <skipped/>
  </testcase> <!-- testElectronics -->
</testsuite> <!-- Script.ElectronicsItem -->
