<?xml version="1.0" encoding="UTF-8"?>
<!-- Generated by org.testng.reporters.JUnitReportReporter -->
<testsuite skipped="1" hostname="LAPTOP-NLHU7H1D" name="Script.WarrantyCheck" tests="1" failures="0" timestamp="18 Nov 2018 15:25:52 GMT" time="0.000" errors="0">
  <testcase name="testWarranty" time="0.000" classname="Script.WarrantyCheck">
    <skipped/>
  </testcase> <!-- testWarranty -->
</testsuite> <!-- Script.WarrantyCheck -->
