<?xml version="1.0" encoding="UTF-8"?>
<!-- Generated by org.testng.reporters.JUnitReportReporter -->
<testsuite skipped="0" name="Script.Testshopcluse_07" tests="1" failures="0" timestamp="02 Nov 2017 11:15:51 GMT" time="125.600" errors="0">
  <testcase name="BuyMemoryCard" time="125.600" classname="Script.Testshopcluse_07"/>
</testsuite> <!-- Script.Testshopcluse_07 -->
